This is pdfTeX, Version 3.141592653-2.6-1.40.23 (TeX Live 2021/W32TeX) (preloaded format=pdflatex 2021.12.23)  31 JAN 2022 08:15
entering extended mode
 restricted \write18 enabled.
 %&-line parsing enabled.
**"Z:/Waterfowl Program/spring_survey/spring_waterfowl_aerial_survey/reports/20
21/formatted_report_2021.tex"

(z:/Waterfowl Program/spring_survey/spring_waterfowl_aerial_survey/reports/2021
/formatted_report_2021.tex
LaTeX2e <2021-11-15> patch level 1
L3 programming layer <2021-11-22> (c:/Users/winiaj/AppData/Roaming/TinyTeX/texm
f-dist/tex/latex/base/article.cls
Document Class: article 2021/10/04 v1.4n Standard LaTeX document class
(c:/Users/winiaj/AppData/Roaming/TinyTeX/texmf-dist/tex/latex/base/size12.clo
File: size12.clo 2021/10/04 v1.4n Standard LaTeX file (size option)
)
\c@part=\count183
\c@section=\count184
\c@subsection=\count185
\c@subsubsection=\count186
\c@paragraph=\count187
\c@subparagraph=\count188
\c@figure=\count189
\c@table=\count190
\abovecaptionskip=\skip47
\belowcaptionskip=\skip48
\bibindent=\dimen138
)
(c:/Users/winiaj/AppData/Roaming/TinyTeX/texmf-dist/tex/latex/amsmath/amsmath.s
ty
Package: amsmath 2021/10/15 v2.17l AMS math features
\@mathmargin=\skip49
For additional information on amsmath, use the `?' option.

(c:/Users/winiaj/AppData/Roaming/TinyTeX/texmf-dist/tex/latex/amsmath/amstext.s
ty
Package: amstext 2021/08/26 v2.01 AMS text

(c:/Users/winiaj/AppData/Roaming/TinyTeX/texmf-dist/tex/latex/amsmath/amsgen.st
y
File: amsgen.sty 1999/11/30 v2.0 generic functions
\@emptytoks=\toks16
\ex@=\dimen139
))
(c:/Users/winiaj/AppData/Roaming/TinyTeX/texmf-dist/tex/latex/amsmath/amsbsy.st
y
Package: amsbsy 1999/11/29 v1.2d Bold Symbols
\pmbraise@=\dimen140
)
(c:/Users/winiaj/AppData/Roaming/TinyTeX/texmf-dist/tex/latex/amsmath/amsopn.st
y
Package: amsopn 2021/08/26 v2.02 operator names
)
\inf@bad=\count191
LaTeX Info: Redefining \frac on input line 234.
\uproot@=\count192
\leftroot@=\count193
LaTeX Info: Redefining \overline on input line 399.
\classnum@=\count194
\DOTSCASE@=\count195
LaTeX Info: Redefining \ldots on input line 496.
LaTeX Info: Redefining \dots on input line 499.
LaTeX Info: Redefining \cdots on input line 620.
\Mathstrutbox@=\box50
\strutbox@=\box51
\big@size=\dimen141
LaTeX Font Info:    Redeclaring font encoding OML on input line 743.
LaTeX Font Info:    Redeclaring font encoding OMS on input line 744.
\macc@depth=\count196
\c@MaxMatrixCols=\count197
\dotsspace@=\muskip16
\c@parentequation=\count198
\dspbrk@lvl=\count199
\tag@help=\toks17
\row@=\count266
\column@=\count267
\maxfields@=\count268
\andhelp@=\toks18
\eqnshift@=\dimen142
\alignsep@=\dimen143
\tagshift@=\dimen144
\tagwidth@=\dimen145
\totwidth@=\dimen146
\lineht@=\dimen147
\@envbody=\toks19
\multlinegap=\skip50
\multlinetaggap=\skip51
\mathdisplay@stack=\toks20
LaTeX Info: Redefining \[ on input line 2938.
LaTeX Info: Redefining \] on input line 2939.
)
(c:/Users/winiaj/AppData/Roaming/TinyTeX/texmf-dist/tex/latex/amsfonts/amssymb.
sty
Package: amssymb 2013/01/14 v3.01 AMS font symbols

(c:/Users/winiaj/AppData/Roaming/TinyTeX/texmf-dist/tex/latex/amsfonts/amsfonts
.sty
Package: amsfonts 2013/01/14 v3.01 Basic AMSFonts support
\symAMSa=\mathgroup4
\symAMSb=\mathgroup5
LaTeX Font Info:    Redeclaring math symbol \hbar on input line 98.
LaTeX Font Info:    Overwriting math alphabet `\mathfrak' in version `bold'
(Font)                  U/euf/m/n --> U/euf/b/n on input line 106.
)) (c:/Users/winiaj/AppData/Roaming/TinyTeX/texmf-dist/tex/latex/lm/lmodern.sty
Package: lmodern 2015/05/01 v1.6.1 Latin Modern Fonts
LaTeX Font Info:    Overwriting symbol font `operators' in version `normal'
(Font)                  OT1/cmr/m/n --> OT1/lmr/m/n on input line 22.
LaTeX Font Info:    Overwriting symbol font `letters' in version `normal'
(Font)                  OML/cmm/m/it --> OML/lmm/m/it on input line 23.
LaTeX Font Info:    Overwriting symbol font `symbols' in version `normal'
(Font)                  OMS/cmsy/m/n --> OMS/lmsy/m/n on input line 24.
LaTeX Font Info:    Overwriting symbol font `largesymbols' in version `normal'
(Font)                  OMX/cmex/m/n --> OMX/lmex/m/n on input line 25.
LaTeX Font Info:    Overwriting symbol font `operators' in version `bold'
(Font)                  OT1/cmr/bx/n --> OT1/lmr/bx/n on input line 26.
LaTeX Font Info:    Overwriting symbol font `letters' in version `bold'
(Font)                  OML/cmm/b/it --> OML/lmm/b/it on input line 27.
LaTeX Font Info:    Overwriting symbol font `symbols' in version `bold'
(Font)                  OMS/cmsy/b/n --> OMS/lmsy/b/n on input line 28.
LaTeX Font Info:    Overwriting symbol font `largesymbols' in version `bold'
(Font)                  OMX/cmex/m/n --> OMX/lmex/m/n on input line 29.
LaTeX Font Info:    Overwriting math alphabet `\mathbf' in version `normal'
(Font)                  OT1/cmr/bx/n --> OT1/lmr/bx/n on input line 31.
LaTeX Font Info:    Overwriting math alphabet `\mathsf' in version `normal'
(Font)                  OT1/cmss/m/n --> OT1/lmss/m/n on input line 32.
LaTeX Font Info:    Overwriting math alphabet `\mathit' in version `normal'
(Font)                  OT1/cmr/m/it --> OT1/lmr/m/it on input line 33.
LaTeX Font Info:    Overwriting math alphabet `\mathtt' in version `normal'
(Font)                  OT1/cmtt/m/n --> OT1/lmtt/m/n on input line 34.
LaTeX Font Info:    Overwriting math alphabet `\mathbf' in version `bold'
(Font)                  OT1/cmr/bx/n --> OT1/lmr/bx/n on input line 35.
LaTeX Font Info:    Overwriting math alphabet `\mathsf' in version `bold'
(Font)                  OT1/cmss/bx/n --> OT1/lmss/bx/n on input line 36.
LaTeX Font Info:    Overwriting math alphabet `\mathit' in version `bold'
(Font)                  OT1/cmr/bx/it --> OT1/lmr/bx/it on input line 37.
LaTeX Font Info:    Overwriting math alphabet `\mathtt' in version `bold'
(Font)                  OT1/cmtt/m/n --> OT1/lmtt/m/n on input line 38.
)
(c:/Users/winiaj/AppData/Roaming/TinyTeX/texmf-dist/tex/generic/iftex/ifxetex.s
ty
Package: ifxetex 2019/10/25 v0.7 ifxetex legacy package. Use iftex instead.

(c:/Users/winiaj/AppData/Roaming/TinyTeX/texmf-dist/tex/generic/iftex/iftex.sty
Package: iftex 2020/03/06 v1.0d TeX engine tests
))
(c:/Users/winiaj/AppData/Roaming/TinyTeX/texmf-dist/tex/generic/iftex/ifluatex.
sty
Package: ifluatex 2019/10/25 v1.5 ifluatex legacy package. Use iftex instead.
) (c:/Users/winiaj/AppData/Roaming/TinyTeX/texmf-dist/tex/latex/base/fontenc.st
y
Package: fontenc 2021/04/29 v2.0v Standard LaTeX package
LaTeX Font Info:    Trying to load font information for T1+lmr on input line 11
2.
(c:/Users/winiaj/AppData/Roaming/TinyTeX/texmf-dist/tex/latex/lm/t1lmr.fd
File: t1lmr.fd 2015/05/01 v1.6.1 Font defs for Latin Modern
))
(c:/Users/winiaj/AppData/Roaming/TinyTeX/texmf-dist/tex/latex/base/inputenc.sty
Package: inputenc 2021/02/14 v1.3d Input encoding file
\inpenc@prehook=\toks21
\inpenc@posthook=\toks22
)
(c:/Users/winiaj/AppData/Roaming/TinyTeX/texmf-dist/tex/latex/base/textcomp.sty
Package: textcomp 2020/02/02 v2.0n Standard LaTeX package
)
(c:/Users/winiaj/AppData/Roaming/TinyTeX/texmf-dist/tex/latex/xcolor/xcolor.sty
Package: xcolor 2021/10/31 v2.13 LaTeX color extensions (UK)

(c:/Users/winiaj/AppData/Roaming/TinyTeX/texmf-dist/tex/latex/graphics-cfg/colo
r.cfg
File: color.cfg 2016/01/02 v1.6 sample color configuration
)
Package xcolor Info: Driver file: pdftex.def on input line 227.

(c:/Users/winiaj/AppData/Roaming/TinyTeX/texmf-dist/tex/latex/graphics-def/pdft
ex.def
File: pdftex.def 2020/10/05 v1.2a Graphics/color driver for pdftex
)
Package xcolor Info: Model `cmy' substituted by `cmy0' on input line 1352.
Package xcolor Info: Model `hsb' substituted by `rgb' on input line 1356.
Package xcolor Info: Model `RGB' extended on input line 1368.
Package xcolor Info: Model `HTML' substituted by `rgb' on input line 1370.
Package xcolor Info: Model `Hsb' substituted by `hsb' on input line 1371.
Package xcolor Info: Model `tHsb' substituted by `hsb' on input line 1372.
Package xcolor Info: Model `HSB' substituted by `hsb' on input line 1373.
Package xcolor Info: Model `Gray' substituted by `gray' on input line 1374.
Package xcolor Info: Model `wave' substituted by `hsb' on input line 1375.
)
(c:/Users/winiaj/AppData/Roaming/TinyTeX/texmf-dist/tex/latex/hyperref/hyperref
.sty
Package: hyperref 2021-06-07 v7.00m Hypertext links for LaTeX

(c:/Users/winiaj/AppData/Roaming/TinyTeX/texmf-dist/tex/generic/ltxcmds/ltxcmds
.sty
Package: ltxcmds 2020-05-10 v1.25 LaTeX kernel commands for general use (HO)
)
(c:/Users/winiaj/AppData/Roaming/TinyTeX/texmf-dist/tex/generic/pdftexcmds/pdft
excmds.sty
Package: pdftexcmds 2020-06-27 v0.33 Utility functions of pdfTeX for LuaTeX (HO
)

(c:/Users/winiaj/AppData/Roaming/TinyTeX/texmf-dist/tex/generic/infwarerr/infwa
rerr.sty
Package: infwarerr 2019/12/03 v1.5 Providing info/warning/error messages (HO)
)
Package pdftexcmds Info: \pdf@primitive is available.
Package pdftexcmds Info: \pdf@ifprimitive is available.
Package pdftexcmds Info: \pdfdraftmode found.
)
(c:/Users/winiaj/AppData/Roaming/TinyTeX/texmf-dist/tex/latex/graphics/keyval.s
ty
Package: keyval 2014/10/28 v1.15 key=value parser (DPC)
\KV@toks@=\toks23
)
(c:/Users/winiaj/AppData/Roaming/TinyTeX/texmf-dist/tex/generic/kvsetkeys/kvset
keys.sty
Package: kvsetkeys 2019/12/15 v1.18 Key value parser (HO)
)
(c:/Users/winiaj/AppData/Roaming/TinyTeX/texmf-dist/tex/generic/kvdefinekeys/kv
definekeys.sty
Package: kvdefinekeys 2019-12-19 v1.6 Define keys (HO)
)
(c:/Users/winiaj/AppData/Roaming/TinyTeX/texmf-dist/tex/generic/pdfescape/pdfes
cape.sty
Package: pdfescape 2019/12/09 v1.15 Implements pdfTeX's escape features (HO)
)
(c:/Users/winiaj/AppData/Roaming/TinyTeX/texmf-dist/tex/latex/hycolor/hycolor.s
ty
Package: hycolor 2020-01-27 v1.10 Color options for hyperref/bookmark (HO)
)
(c:/Users/winiaj/AppData/Roaming/TinyTeX/texmf-dist/tex/latex/letltxmacro/letlt
xmacro.sty
Package: letltxmacro 2019/12/03 v1.6 Let assignment for LaTeX macros (HO)
)
(c:/Users/winiaj/AppData/Roaming/TinyTeX/texmf-dist/tex/latex/auxhook/auxhook.s
ty
Package: auxhook 2019-12-17 v1.6 Hooks for auxiliary files (HO)
)
(c:/Users/winiaj/AppData/Roaming/TinyTeX/texmf-dist/tex/latex/kvoptions/kvoptio
ns.sty
Package: kvoptions 2020-10-07 v3.14 Key value format for package options (HO)
)
\@linkdim=\dimen148
\Hy@linkcounter=\count269
\Hy@pagecounter=\count270

(c:/Users/winiaj/AppData/Roaming/TinyTeX/texmf-dist/tex/latex/hyperref/pd1enc.d
ef
File: pd1enc.def 2021-06-07 v7.00m Hyperref: PDFDocEncoding definition (HO)
Now handling font encoding PD1 ...
... no UTF-8 mapping file for font encoding PD1
)
(c:/Users/winiaj/AppData/Roaming/TinyTeX/texmf-dist/tex/latex/hyperref/hyperref
-langpatches.def
File: hyperref-langpatches.def 2021-06-07 v7.00m Hyperref: patches for babel la
nguages
)
(c:/Users/winiaj/AppData/Roaming/TinyTeX/texmf-dist/tex/generic/intcalc/intcalc
.sty
Package: intcalc 2019/12/15 v1.3 Expandable calculations with integers (HO)
)
(c:/Users/winiaj/AppData/Roaming/TinyTeX/texmf-dist/tex/generic/etexcmds/etexcm
ds.sty
Package: etexcmds 2019/12/15 v1.7 Avoid name clashes with e-TeX commands (HO)
)
\Hy@SavedSpaceFactor=\count271

(c:/Users/winiaj/AppData/Roaming/TinyTeX/texmf-dist/tex/latex/hyperref/puenc.de
f
File: puenc.def 2021-06-07 v7.00m Hyperref: PDF Unicode definition (HO)
Now handling font encoding PU ...
... no UTF-8 mapping file for font encoding PU
)
Package hyperref Info: Option `unicode' set `true' on input line 4073.
Package hyperref Info: Hyper figures OFF on input line 4192.
Package hyperref Info: Link nesting OFF on input line 4197.
Package hyperref Info: Hyper index ON on input line 4200.
Package hyperref Info: Plain pages OFF on input line 4207.
Package hyperref Info: Backreferencing OFF on input line 4212.
Package hyperref Info: Implicit mode ON; LaTeX internals redefined.
Package hyperref Info: Bookmarks ON on input line 4445.
\c@Hy@tempcnt=\count272
(c:/Users/winiaj/AppData/Roaming/TinyTeX/texmf-dist/tex/latex/url/url.sty
\Urlmuskip=\muskip17
Package: url 2013/09/16  ver 3.4  Verb mode for urls, etc.
)
LaTeX Info: Redefining \url on input line 4804.
\XeTeXLinkMargin=\dimen149

(c:/Users/winiaj/AppData/Roaming/TinyTeX/texmf-dist/tex/generic/bitset/bitset.s
ty
Package: bitset 2019/12/09 v1.3 Handle bit-vector datatype (HO)

(c:/Users/winiaj/AppData/Roaming/TinyTeX/texmf-dist/tex/generic/bigintcalc/bigi
ntcalc.sty
Package: bigintcalc 2019/12/15 v1.5 Expandable calculations on big integers (HO
)
))
\Fld@menulength=\count273
\Field@Width=\dimen150
\Fld@charsize=\dimen151
Package hyperref Info: Hyper figures OFF on input line 6076.
Package hyperref Info: Link nesting OFF on input line 6081.
Package hyperref Info: Hyper index ON on input line 6084.
Package hyperref Info: backreferencing OFF on input line 6091.
Package hyperref Info: Link coloring OFF on input line 6096.
Package hyperref Info: Link coloring with OCG OFF on input line 6101.
Package hyperref Info: PDF/A mode OFF on input line 6106.
LaTeX Info: Redefining \ref on input line 6146.
LaTeX Info: Redefining \pageref on input line 6150.

(c:/Users/winiaj/AppData/Roaming/TinyTeX/texmf-dist/tex/latex/base/atbegshi-ltx
.sty
Package: atbegshi-ltx 2021/01/10 v1.0c Emulation of the original atbegshi
package with kernel methods
)
\Hy@abspage=\count274
\c@Item=\count275
\c@Hfootnote=\count276
)
Package hyperref Info: Driver (autodetected): hpdftex.

(c:/Users/winiaj/AppData/Roaming/TinyTeX/texmf-dist/tex/latex/hyperref/hpdftex.
def
File: hpdftex.def 2021-06-07 v7.00m Hyperref driver for pdfTeX

(c:/Users/winiaj/AppData/Roaming/TinyTeX/texmf-dist/tex/latex/base/atveryend-lt
x.sty
Package: atveryend-ltx 2020/08/19 v1.0a Emulation of the original atveryend pac
kage
with kernel methods
)
\Fld@listcount=\count277
\c@bookmark@seq@number=\count278

(c:/Users/winiaj/AppData/Roaming/TinyTeX/texmf-dist/tex/latex/rerunfilecheck/re
runfilecheck.sty
Package: rerunfilecheck 2019/12/05 v1.9 Rerun checks for auxiliary files (HO)

(c:/Users/winiaj/AppData/Roaming/TinyTeX/texmf-dist/tex/generic/uniquecounter/u
niquecounter.sty
Package: uniquecounter 2019/12/15 v1.4 Provide unlimited unique counter (HO)
)
Package uniquecounter Info: New unique counter `rerunfilecheck' on input line 2
86.
)
\Hy@SectionHShift=\skip52
)
(c:/Users/winiaj/AppData/Roaming/TinyTeX/texmf-dist/tex/latex/geometry/geometry
.sty
Package: geometry 2020/01/02 v5.9 Page Geometry

(c:/Users/winiaj/AppData/Roaming/TinyTeX/texmf-dist/tex/generic/iftex/ifvtex.st
y
Package: ifvtex 2019/10/25 v1.7 ifvtex legacy package. Use iftex instead.
)
\Gm@cnth=\count279
\Gm@cntv=\count280
\c@Gm@tempcnt=\count281
\Gm@bindingoffset=\dimen152
\Gm@wd@mp=\dimen153
\Gm@odd@mp=\dimen154
\Gm@even@mp=\dimen155
\Gm@layoutwidth=\dimen156
\Gm@layoutheight=\dimen157
\Gm@layouthoffset=\dimen158
\Gm@layoutvoffset=\dimen159
\Gm@dimlist=\toks24
)
(c:/Users/winiaj/AppData/Roaming/TinyTeX/texmf-dist/tex/latex/graphics/graphicx
.sty
Package: graphicx 2021/09/16 v1.2d Enhanced LaTeX Graphics (DPC,SPQR)

(c:/Users/winiaj/AppData/Roaming/TinyTeX/texmf-dist/tex/latex/graphics/graphics
.sty
Package: graphics 2021/03/04 v1.4d Standard LaTeX Graphics (DPC,SPQR)

(c:/Users/winiaj/AppData/Roaming/TinyTeX/texmf-dist/tex/latex/graphics/trig.sty
Package: trig 2021/08/11 v1.11 sin cos tan (DPC)
)
(c:/Users/winiaj/AppData/Roaming/TinyTeX/texmf-dist/tex/latex/graphics-cfg/grap
hics.cfg
File: graphics.cfg 2016/06/04 v1.11 sample graphics configuration
)
Package graphics Info: Driver file: pdftex.def on input line 107.
)
\Gin@req@height=\dimen160
\Gin@req@width=\dimen161
) (c:/Users/winiaj/AppData/Roaming/TinyTeX/texmf-dist/tex/latex/float/float.sty
Package: float 2001/11/08 v1.3d Float enhancements (AL)
\c@float@type=\count282
\float@exts=\toks25
\float@box=\box52
\@float@everytoks=\toks26
\@floatcapt=\box53
)
(c:/Users/winiaj/AppData/Roaming/TinyTeX/texmf-dist/tex/latex/sectsty/sectsty.s
ty
Package: sectsty 2002/02/25 v2.0.2 Commands to change all sectional heading sty
les

LaTeX Warning: Command \underbar  has changed.
               Check if current package is valid.


LaTeX Warning: Command \underline  has changed.
               Check if current package is valid.

)
(c:/Users/winiaj/AppData/Roaming/TinyTeX/texmf-dist/tex/latex/paralist/paralist
.sty
Package: paralist 2017/01/22 v2.7 Extended list environments
\pltopsep=\skip53
\plpartopsep=\skip54
\plitemsep=\skip55
\plparsep=\skip56
\pl@lab=\toks27
)
(c:/Users/winiaj/AppData/Roaming/TinyTeX/texmf-dist/tex/latex/setspace/setspace
.sty
Package: setspace 2011/12/19 v6.7a set line spacing
)
(c:/Users/winiaj/AppData/Roaming/TinyTeX/texmf-dist/tex/latex/fancyhdr/fancyhdr
.sty
Package: fancyhdr 2021/01/28 v4.0.1 Extensive control of page headers and foote
rs
\f@nch@headwidth=\skip57
\f@nch@O@elh=\skip58
\f@nch@O@erh=\skip59
\f@nch@O@olh=\skip60
\f@nch@O@orh=\skip61
\f@nch@O@elf=\skip62
\f@nch@O@erf=\skip63
\f@nch@O@olf=\skip64
\f@nch@O@orf=\skip65
)
(c:/Users/winiaj/AppData/Roaming/TinyTeX/texmf-dist/tex/latex/lastpage/lastpage
.sty
Package: lastpage 2021/09/03 v1.2n Refers to last page's name (HMM; JPG)
)
(c:/Users/winiaj/AppData/Roaming/TinyTeX/texmf-dist/tex/latex/tools/dcolumn.sty
Package: dcolumn 2014/10/28 v1.06 decimal alignment package (DPC)
(c:/Users/winiaj/AppData/Roaming/TinyTeX/texmf-dist/tex/latex/tools/array.sty
Package: array 2021/10/04 v2.5f Tabular extension package (FMi)
\col@sep=\dimen162
\ar@mcellbox=\box54
\extrarowheight=\dimen163
\NC@list=\toks28
\extratabsurround=\skip66
\backup@length=\skip67
\ar@cellbox=\box55
))
(c:/Users/winiaj/AppData/Roaming/TinyTeX/texmf-dist/tex/latex/natbib/natbib.sty
Package: natbib 2010/09/13 8.31b (PWD, AO)
\bibhang=\skip68
\bibsep=\skip69
LaTeX Info: Redefining \cite on input line 694.
\c@NAT@ctr=\count283
)
(c:/Users/winiaj/AppData/Roaming/TinyTeX/texmf-dist/tex/latex/tocbibind/tocbibi
nd.sty
Package: tocbibind 2010/10/13 v1.5k extra ToC listings
Package tocbibind Info: The document has section divisions on input line 50.

Package tocbibind Note: Using section or other style headings.

)
(c:/Users/winiaj/AppData/Roaming/TinyTeX/texmf-dist/tex/latex/booktabs/booktabs
.sty
Package: booktabs 2020/01/12 v1.61803398 Publication quality tables
\heavyrulewidth=\dimen164
\lightrulewidth=\dimen165
\cmidrulewidth=\dimen166
\belowrulesep=\dimen167
\belowbottomsep=\dimen168
\aboverulesep=\dimen169
\abovetopsep=\dimen170
\cmidrulesep=\dimen171
\cmidrulekern=\dimen172
\defaultaddspace=\dimen173
\@cmidla=\count284
\@cmidlb=\count285
\@aboverulesep=\dimen174
\@belowrulesep=\dimen175
\@thisruleclass=\count286
\@lastruleclass=\count287
\@thisrulewidth=\dimen176
)
(c:/Users/winiaj/AppData/Roaming/TinyTeX/texmf-dist/tex/latex/colortbl/colortbl
.sty
Package: colortbl 2020/01/04 v1.0e Color table columns (DPC)
\everycr=\toks29
\minrowclearance=\skip70
) (c:/Users/winiaj/AppData/Roaming/TinyTeX/texmf-dist/tex/latex/tabu/tabu.sty
Package: tabu 2019/01/11 v2.9 - flexible LaTeX tabulars (FC+tabu-fixed)

(c:/Users/winiaj/AppData/Roaming/TinyTeX/texmf-dist/tex/latex/varwidth/varwidth
.sty
Package: varwidth 2009/03/30 ver 0.92;  Variable-width minipages
\@vwid@box=\box56
\sift@deathcycles=\count288
\@vwid@loff=\dimen177
\@vwid@roff=\dimen178
)
\c@taburow=\count289
\tabu@nbcols=\count290
\tabu@cnt=\count291
\tabu@Xcol=\count292
\tabu@alloc=\count293
\tabu@nested=\count294
\tabu@target=\dimen179
\tabu@spreadtarget=\dimen180
\tabu@naturalX=\dimen181
\tabucolX=\dimen182
\tabu@Xsum=\dimen183
\extrarowdepth=\dimen184
\abovetabulinesep=\dimen185
\belowtabulinesep=\dimen186
\tabustrutrule=\dimen187
\tabu@thebody=\toks30
\tabu@footnotes=\toks31
\tabu@box=\box57
\tabu@arstrutbox=\box58
\tabu@hleads=\box59
\tabu@vleads=\box60
\tabu@cellskip=\skip71
)
(c:/Users/winiaj/AppData/Roaming/TinyTeX/texmf-dist/tex/latex/threeparttable/th
reeparttable.sty
Package: threeparttable 2003/06/13  v 3.0
\@tempboxb=\box61
)
(c:/Users/winiaj/AppData/Roaming/TinyTeX/texmf-dist/tex/latex/makecell/makecell
.sty
Package: makecell 2009/08/03 V0.1e Managing of Tab Column Heads and Cells
\rotheadsize=\dimen188
\c@nlinenum=\count295
\TeXr@lab=\toks32
)
(c:/Users/winiaj/AppData/Roaming/TinyTeX/texmf-dist/tex/latex/ragged2e/ragged2e
.sty
Package: ragged2e 2021/12/15 v3.1 ragged2e Package

LaTeX Warning: Command \@arrayparboxrestore  has changed.
               Check if current package is valid.


(c:/Users/winiaj/AppData/Roaming/TinyTeX/texmf-dist/tex/latex/footmisc/footmisc
.sty
Package: footmisc 2011/06/06 v5.5b a miscellany of footnote facilities
\FN@temptoken=\toks33
\footnotemargin=\dimen189
\c@pp@next@reset=\count296
Package footmisc Info: Declaring symbol style bringhurst on input line 855.
Package footmisc Info: Declaring symbol style chicago on input line 863.
Package footmisc Info: Declaring symbol style wiley on input line 872.
Package footmisc Info: Declaring symbol style lamport-robust on input line 883.

Package footmisc Info: Declaring symbol style lamport* on input line 903.
Package footmisc Info: Declaring symbol style lamport*-robust on input line 924
.
)
\CenteringLeftskip=\skip72
\RaggedLeftLeftskip=\skip73
\RaggedRightLeftskip=\skip74
\CenteringRightskip=\skip75
\RaggedLeftRightskip=\skip76
\RaggedRightRightskip=\skip77
\CenteringParfillskip=\skip78
\RaggedLeftParfillskip=\skip79
\RaggedRightParfillskip=\skip80
\JustifyingParfillskip=\skip81
\CenteringParindent=\skip82
\RaggedLeftParindent=\skip83
\RaggedRightParindent=\skip84
\JustifyingParindent=\skip85
)
(c:/Users/winiaj/AppData/Roaming/TinyTeX/texmf-dist/tex/latex/l3backend/l3backe
nd-pdftex.def
File: l3backend-pdftex.def 2022-01-12 L3 backend support: PDF output (pdfTeX)
\l__color_backend_stack_int=\count297
\l__pdf_internal_box=\box62
) (./formatted_report_2021.aux)
\openout1 = `formatted_report_2021.aux'.

LaTeX Font Info:    Checking defaults for OML/cmm/m/it on input line 83.
LaTeX Font Info:    ... okay on input line 83.
LaTeX Font Info:    Checking defaults for OMS/cmsy/m/n on input line 83.
LaTeX Font Info:    ... okay on input line 83.
LaTeX Font Info:    Checking defaults for OT1/cmr/m/n on input line 83.
LaTeX Font Info:    ... okay on input line 83.
LaTeX Font Info:    Checking defaults for T1/cmr/m/n on input line 83.
LaTeX Font Info:    ... okay on input line 83.
LaTeX Font Info:    Checking defaults for TS1/cmr/m/n on input line 83.
LaTeX Font Info:    ... okay on input line 83.
LaTeX Font Info:    Checking defaults for OMX/cmex/m/n on input line 83.
LaTeX Font Info:    ... okay on input line 83.
LaTeX Font Info:    Checking defaults for U/cmr/m/n on input line 83.
LaTeX Font Info:    ... okay on input line 83.
LaTeX Font Info:    Checking defaults for PD1/pdf/m/n on input line 83.
LaTeX Font Info:    ... okay on input line 83.
LaTeX Font Info:    Checking defaults for PU/pdf/m/n on input line 83.
LaTeX Font Info:    ... okay on input line 83.

(c:/Users/winiaj/AppData/Roaming/TinyTeX/texmf-dist/tex/latex/epstopdf-pkg/epst
opdf-base.sty
Package: epstopdf-base 2020-01-24 v2.11 Base part for package epstopdf
Package epstopdf-base Info: Redefining graphics rule for `.eps' on input line 4
85.

(c:/Users/winiaj/AppData/Roaming/TinyTeX/texmf-dist/tex/latex/latexconfig/epsto
pdf-sys.cfg
File: epstopdf-sys.cfg 2010/07/13 v1.3 Configuration of (r)epstopdf for TeX Liv
e
))
Package hyperref Info: Link coloring OFF on input line 83.

(c:/Users/winiaj/AppData/Roaming/TinyTeX/texmf-dist/tex/latex/hyperref/nameref.
sty
Package: nameref 2021-04-02 v2.47 Cross-referencing by name of section

(c:/Users/winiaj/AppData/Roaming/TinyTeX/texmf-dist/tex/latex/refcount/refcount
.sty
Package: refcount 2019/12/15 v3.6 Data extraction from label references (HO)
)
(c:/Users/winiaj/AppData/Roaming/TinyTeX/texmf-dist/tex/generic/gettitlestring/
gettitlestring.sty
Package: gettitlestring 2019/12/15 v1.6 Cleanup title references (HO)
)
\c@section@level=\count298
)
LaTeX Info: Redefining \ref on input line 83.
LaTeX Info: Redefining \pageref on input line 83.
LaTeX Info: Redefining \nameref on input line 83.
(./formatted_report_2021.out) (./formatted_report_2021.out)
\@outlinefile=\write3
\openout3 = `formatted_report_2021.out'.

*geometry* driver: auto-detecting
*geometry* detected driver: pdftex
*geometry* verbose mode - [ preamble ] result:
* driver: pdftex
* paper: <default>
* layout: <same size as paper>
* layoutoffset:(h,v)=(0.0pt,0.0pt)
* modes: 
* h-part:(L,W,R)=(72.26999pt, 469.75502pt, 72.26999pt)
* v-part:(T,H,B)=(72.26999pt, 650.43001pt, 72.26999pt)
* \paperwidth=614.295pt
* \paperheight=794.96999pt
* \textwidth=469.75502pt
* \textheight=650.43001pt
* \oddsidemargin=0.0pt
* \evensidemargin=0.0pt
* \topmargin=-37.0pt
* \headheight=12.0pt
* \headsep=25.0pt
* \topskip=12.0pt
* \footskip=30.0pt
* \marginparwidth=44.0pt
* \marginparsep=10.0pt
* \columnsep=10.0pt
* \skip\footins=10.8pt plus 4.0pt minus 2.0pt
* \hoffset=0.0pt
* \voffset=0.0pt
* \mag=1000
* \@twocolumnfalse
* \@twosidefalse
* \@mparswitchfalse
* \@reversemarginfalse
* (1in=72.27pt=25.4mm, 1cm=28.453pt)

Package lastpage Info: Please have a look at the pageslts package at
(lastpage)             https://www.ctan.org/pkg/pageslts
(lastpage)             ! on input line 83.
Package ragged2e Info: ABD: executing \RaggedRight on input line 83.
<Z:/Waterfowl Program/spring_survey/spring_waterfowl_aerial_survey/scripts/styl
ized_rmarkdown/cover_photo.jpeg, id=68, 751.2065pt x 553.267pt>
File: Z:/Waterfowl Program/spring_survey/spring_waterfowl_aerial_survey/scripts
/stylized_rmarkdown/cover_photo.jpeg Graphic file (type jpg)
<use Z:/Waterfowl Program/spring_survey/spring_waterfowl_aerial_survey/scripts/
stylized_rmarkdown/cover_photo.jpeg>
Package pdftex.def Info: Z:/Waterfowl Program/spring_survey/spring_waterfowl_ae
rial_survey/scripts/stylized_rmarkdown/cover_photo.jpeg  used on input line 100
.
(pdftex.def)             Requested size: 469.75508pt x 345.97675pt.
<Z:/Waterfowl Program/spring_survey/spring_waterfowl_aerial_survey/scripts/styl
ized_rmarkdown/WIdnr.png, id=69, 72.27pt x 51.5526pt>
File: Z:/Waterfowl Program/spring_survey/spring_waterfowl_aerial_survey/scripts
/stylized_rmarkdown/WIdnr.png Graphic file (type png)
<use Z:/Waterfowl Program/spring_survey/spring_waterfowl_aerial_survey/scripts/
stylized_rmarkdown/WIdnr.png>
Package pdftex.def Info: Z:/Waterfowl Program/spring_survey/spring_waterfowl_ae
rial_survey/scripts/stylized_rmarkdown/WIdnr.png  used on input line 119.
(pdftex.def)             Requested size: 72.272pt x 51.55403pt.
[1

{c:/Users/winiaj/AppData/Roaming/TinyTeX/texmf-var/fonts/map/pdftex/updmap/pdft
ex.map} <z:/Waterfowl Program/spring_survey/spring_waterfowl_aerial_survey/scri
pts/stylized_rmarkdown/cover_photo.jpeg> <z:/Waterfowl Program/spring_survey/sp
ring_waterfowl_aerial_survey/scripts/stylized_rmarkdown/WIdnr.png>]
<Z:/Waterfowl Program/spring_survey/spring_waterfowl_aerial_survey/scripts/styl
ized_rmarkdown/logo_page_2.png, id=79, 481.535pt x 133.4827pt>
File: Z:/Waterfowl Program/spring_survey/spring_waterfowl_aerial_survey/scripts
/stylized_rmarkdown/logo_page_2.png Graphic file (type png)
<use Z:/Waterfowl Program/spring_survey/spring_waterfowl_aerial_survey/scripts/
stylized_rmarkdown/logo_page_2.png>
Package pdftex.def Info: Z:/Waterfowl Program/spring_survey/spring_waterfowl_ae
rial_survey/scripts/stylized_rmarkdown/logo_page_2.png  used on input line 146.

(pdftex.def)             Requested size: 469.75557pt x 130.21739pt.
pdfTeX warning (ext4): destination with the same identifier (name{page.}) has b
een already used, duplicate ignored
<to be read again> 
                   \relax 
l.154 \newpage
               [2 <z:/Waterfowl Program/spring_survey/spring_waterfowl_aerial_s
urvey/scripts/stylized_rmarkdown/logo_page_2.png>]pdfTeX warning (ext4): destin
ation with the same identifier (name{page.}) has been already used, duplicate i
gnored
<to be read again> 
                   \relax 
l.224 
       [1] [1] (./formatted_report_2021.toc
LaTeX Font Info:    Trying to load font information for OT1+lmr on input line 4
.
(c:/Users/winiaj/AppData/Roaming/TinyTeX/texmf-dist/tex/latex/lm/ot1lmr.fd
File: ot1lmr.fd 2015/05/01 v1.6.1 Font defs for Latin Modern
)
LaTeX Font Info:    Trying to load font information for OML+lmm on input line 4
.
(c:/Users/winiaj/AppData/Roaming/TinyTeX/texmf-dist/tex/latex/lm/omllmm.fd
File: omllmm.fd 2015/05/01 v1.6.1 Font defs for Latin Modern
)
LaTeX Font Info:    Trying to load font information for OMS+lmsy on input line 
4.
(c:/Users/winiaj/AppData/Roaming/TinyTeX/texmf-dist/tex/latex/lm/omslmsy.fd
File: omslmsy.fd 2015/05/01 v1.6.1 Font defs for Latin Modern
)
LaTeX Font Info:    Trying to load font information for OMX+lmex on input line 
4.
(c:/Users/winiaj/AppData/Roaming/TinyTeX/texmf-dist/tex/latex/lm/omxlmex.fd
File: omxlmex.fd 2015/05/01 v1.6.1 Font defs for Latin Modern
)
LaTeX Font Info:    External font `lmex10' loaded for size
(Font)              <12> on input line 4.
LaTeX Font Info:    External font `lmex10' loaded for size
(Font)              <8> on input line 4.
LaTeX Font Info:    External font `lmex10' loaded for size
(Font)              <6> on input line 4.
LaTeX Font Info:    Trying to load font information for U+msa on input line 4.
(c:/Users/winiaj/AppData/Roaming/TinyTeX/texmf-dist/tex/latex/amsfonts/umsa.fd
File: umsa.fd 2013/01/14 v3.01 AMS symbols A
)
LaTeX Font Info:    Trying to load font information for U+msb on input line 4.
(c:/Users/winiaj/AppData/Roaming/TinyTeX/texmf-dist/tex/latex/amsfonts/umsb.fd
File: umsb.fd 2013/01/14 v3.01 AMS symbols B
))
\tf@toc=\write4
\openout4 = `formatted_report_2021.toc'.

[2] [3] [1] [2] [3] [4] [5] [6] [7] (./formatted_report_2021.bbl) [8]
LaTeX Font Info:    External font `lmex10' loaded for size
(Font)              <10.95> on input line 681.
[9pdfTeX warning (ext4): destination with the same identifier (name{table.1}) h
as been already used, duplicate ignored
<argument> ...shipout:D \box_use:N \l_shipout_box 
                                                  \__shipout_drop_firstpage_...
l.684 \newpage
              ] [10pdfTeX warning (ext4): destination with the same identifier 
(name{table.2}) has been already used, duplicate ignored
<argument> ...shipout:D \box_use:N \l_shipout_box 
                                                  \__shipout_drop_firstpage_...
l.724 \newpage
              ] [11pdfTeX warning (ext4): destination with the same identifier 
(name{table.3}) has been already used, duplicate ignored
<argument> ...shipout:D \box_use:N \l_shipout_box 
                                                  \__shipout_drop_firstpage_...
l.764 \newpage
              ] [12pdfTeX warning (ext4): destination with the same identifier 
(name{table.4}) has been already used, duplicate ignored
<argument> ...shipout:D \box_use:N \l_shipout_box 
                                                  \__shipout_drop_firstpage_...
l.804 \newpage
              ]
LaTeX Font Info:    Trying to load font information for TS1+lmr on input line 8
68.
(c:/Users/winiaj/AppData/Roaming/TinyTeX/texmf-dist/tex/latex/lm/ts1lmr.fd
File: ts1lmr.fd 2015/05/01 v1.6.1 Font defs for Latin Modern
)
LaTeX Font Info:    External font `lmex10' loaded for size
(Font)              <10> on input line 868.
LaTeX Font Info:    External font `lmex10' loaded for size
(Font)              <7> on input line 868.
LaTeX Font Info:    External font `lmex10' loaded for size
(Font)              <5> on input line 868.
[13pdfTeX warning (ext4): destination with the same identifier (name{table.5}) 
has been already used, duplicate ignored
<argument> ...shipout:D \box_use:N \l_shipout_box 
                                                  \__shipout_drop_firstpage_...
l.871 \newpage
              ] [14pdfTeX warning (ext4): destination with the same identifier 
(name{table.6}) has been already used, duplicate ignored
<argument> ...shipout:D \box_use:N \l_shipout_box 
                                                  \__shipout_drop_firstpage_...
l.940 \newpage
              ]
<Z:/Waterfowl Program/spring_survey/spring_waterfowl_aerial_survey/reports/2021
/formatted_report_2021_files/figure-latex/wetland_abundance_sec-1.pdf, id=255, 
469.755pt x 325.215pt>
File: Z:/Waterfowl Program/spring_survey/spring_waterfowl_aerial_survey/reports
/2021/formatted_report_2021_files/figure-latex/wetland_abundance_sec-1.pdf Grap
hic file (type pdf)
<use Z:/Waterfowl Program/spring_survey/spring_waterfowl_aerial_survey/reports/
2021/formatted_report_2021_files/figure-latex/wetland_abundance_sec-1.pdf>
Package pdftex.def Info: Z:/Waterfowl Program/spring_survey/spring_waterfowl_ae
rial_survey/reports/2021/formatted_report_2021_files/figure-latex/wetland_abund
ance_sec-1.pdf  used on input line 947.
(pdftex.def)             Requested size: 469.75386pt x 325.2142pt.
[15pdfTeX warning (ext4): destination with the same identifier (name{figure.1})
 has been already used, duplicate ignored
<argument> ...shipout:D \box_use:N \l_shipout_box 
                                                  \__shipout_drop_firstpage_...
l.953 \newpage
               <z:/Waterfowl Program/spring_survey/spring_waterfowl_aerial_surv
ey/reports/2021/formatted_report_2021_files/figure-latex/wetland_abundance_sec-
1.pdf>]
<Z:/Waterfowl Program/spring_survey/spring_waterfowl_aerial_survey/reports/2021
/formatted_report_2021_files/figure-latex/wetland_abundance_nhi-1.pdf, id=266, 
469.755pt x 325.215pt>
File: Z:/Waterfowl Program/spring_survey/spring_waterfowl_aerial_survey/reports
/2021/formatted_report_2021_files/figure-latex/wetland_abundance_nhi-1.pdf Grap
hic file (type pdf)
<use Z:/Waterfowl Program/spring_survey/spring_waterfowl_aerial_survey/reports/
2021/formatted_report_2021_files/figure-latex/wetland_abundance_nhi-1.pdf>
Package pdftex.def Info: Z:/Waterfowl Program/spring_survey/spring_waterfowl_ae
rial_survey/reports/2021/formatted_report_2021_files/figure-latex/wetland_abund
ance_nhi-1.pdf  used on input line 957.
(pdftex.def)             Requested size: 469.75386pt x 325.2142pt.
[16pdfTeX warning (ext4): destination with the same identifier (name{figure.2})
 has been already used, duplicate ignored
<argument> ...shipout:D \box_use:N \l_shipout_box 
                                                  \__shipout_drop_firstpage_...
l.963 \newpage
               <z:/Waterfowl Program/spring_survey/spring_waterfowl_aerial_surv
ey/reports/2021/formatted_report_2021_files/figure-latex/wetland_abundance_nhi-
1.pdf>]
<Z:/Waterfowl Program/spring_survey/spring_waterfowl_aerial_survey/reports/2021
/formatted_report_2021_files/figure-latex/wetland_abundance_nlo-1.pdf, id=276, 
469.755pt x 325.215pt>
File: Z:/Waterfowl Program/spring_survey/spring_waterfowl_aerial_survey/reports
/2021/formatted_report_2021_files/figure-latex/wetland_abundance_nlo-1.pdf Grap
hic file (type pdf)
<use Z:/Waterfowl Program/spring_survey/spring_waterfowl_aerial_survey/reports/
2021/formatted_report_2021_files/figure-latex/wetland_abundance_nlo-1.pdf>
Package pdftex.def Info: Z:/Waterfowl Program/spring_survey/spring_waterfowl_ae
rial_survey/reports/2021/formatted_report_2021_files/figure-latex/wetland_abund
ance_nlo-1.pdf  used on input line 967.
(pdftex.def)             Requested size: 469.75386pt x 325.2142pt.
[17pdfTeX warning (ext4): destination with the same identifier (name{figure.3})
 has been already used, duplicate ignored
<argument> ...shipout:D \box_use:N \l_shipout_box 
                                                  \__shipout_drop_firstpage_...
l.973 \newpage
               <z:/Waterfowl Program/spring_survey/spring_waterfowl_aerial_surv
ey/reports/2021/formatted_report_2021_files/figure-latex/wetland_abundance_nlo-
1.pdf>]
<Z:/Waterfowl Program/spring_survey/spring_waterfowl_aerial_survey/reports/2021
/formatted_report_2021_files/figure-latex/wetland_abundance_swd-1.pdf, id=287, 
469.755pt x 325.215pt>
File: Z:/Waterfowl Program/spring_survey/spring_waterfowl_aerial_survey/reports
/2021/formatted_report_2021_files/figure-latex/wetland_abundance_swd-1.pdf Grap
hic file (type pdf)
<use Z:/Waterfowl Program/spring_survey/spring_waterfowl_aerial_survey/reports/
2021/formatted_report_2021_files/figure-latex/wetland_abundance_swd-1.pdf>
Package pdftex.def Info: Z:/Waterfowl Program/spring_survey/spring_waterfowl_ae
rial_survey/reports/2021/formatted_report_2021_files/figure-latex/wetland_abund
ance_swd-1.pdf  used on input line 977.
(pdftex.def)             Requested size: 469.75386pt x 325.2142pt.
[18pdfTeX warning (ext4): destination with the same identifier (name{figure.4})
 has been already used, duplicate ignored
<argument> ...shipout:D \box_use:N \l_shipout_box 
                                                  \__shipout_drop_firstpage_...
l.983 \newpage
               <z:/Waterfowl Program/spring_survey/spring_waterfowl_aerial_surv
ey/reports/2021/formatted_report_2021_files/figure-latex/wetland_abundance_swd-
1.pdf>]
<Z:/Waterfowl Program/spring_survey/spring_waterfowl_aerial_survey/reports/2021
/formatted_report_2021_files/figure-latex/transect_map-1.pdf, id=297, 469.755pt
 x 325.215pt>
File: Z:/Waterfowl Program/spring_survey/spring_waterfowl_aerial_survey/reports
/2021/formatted_report_2021_files/figure-latex/transect_map-1.pdf Graphic file 
(type pdf)
<use Z:/Waterfowl Program/spring_survey/spring_waterfowl_aerial_survey/reports/
2021/formatted_report_2021_files/figure-latex/transect_map-1.pdf>
Package pdftex.def Info: Z:/Waterfowl Program/spring_survey/spring_waterfowl_ae
rial_survey/reports/2021/formatted_report_2021_files/figure-latex/transect_map-
1.pdf  used on input line 987.
(pdftex.def)             Requested size: 469.75386pt x 325.2142pt.
[19pdfTeX warning (ext4): destination with the same identifier (name{figure.5})
 has been already used, duplicate ignored
<argument> ...shipout:D \box_use:N \l_shipout_box 
                                                  \__shipout_drop_firstpage_...
l.995 \newpage
               <z:/Waterfowl Program/spring_survey/spring_waterfowl_aerial_surv
ey/reports/2021/formatted_report_2021_files/figure-latex/transect_map-1.pdf>]
<Z:/Waterfowl Program/spring_survey/spring_waterfowl_aerial_survey/reports/2021
/formatted_report_2021_files/figure-latex/ssm_mall-1.pdf, id=309, 469.755pt x 3
25.215pt>
File: Z:/Waterfowl Program/spring_survey/spring_waterfowl_aerial_survey/reports
/2021/formatted_report_2021_files/figure-latex/ssm_mall-1.pdf Graphic file (typ
e pdf)
<use Z:/Waterfowl Program/spring_survey/spring_waterfowl_aerial_survey/reports/
2021/formatted_report_2021_files/figure-latex/ssm_mall-1.pdf>
Package pdftex.def Info: Z:/Waterfowl Program/spring_survey/spring_waterfowl_ae
rial_survey/reports/2021/formatted_report_2021_files/figure-latex/ssm_mall-1.pd
f  used on input line 999.
(pdftex.def)             Requested size: 469.75386pt x 325.2142pt.
[20pdfTeX warning (ext4): destination with the same identifier (name{figure.6})
 has been already used, duplicate ignored
<argument> ...shipout:D \box_use:N \l_shipout_box 
                                                  \__shipout_drop_firstpage_...
l.1008 \newpage
                <z:/Waterfowl Program/spring_survey/spring_waterfowl_aerial_sur
vey/reports/2021/formatted_report_2021_files/figure-latex/ssm_mall-1.pdf>]
<Z:/Waterfowl Program/spring_survey/spring_waterfowl_aerial_survey/reports/2021
/formatted_report_2021_files/figure-latex/ssm_bwte-1.pdf, id=322, 469.755pt x 3
25.215pt>
File: Z:/Waterfowl Program/spring_survey/spring_waterfowl_aerial_survey/reports
/2021/formatted_report_2021_files/figure-latex/ssm_bwte-1.pdf Graphic file (typ
e pdf)
<use Z:/Waterfowl Program/spring_survey/spring_waterfowl_aerial_survey/reports/
2021/formatted_report_2021_files/figure-latex/ssm_bwte-1.pdf>
Package pdftex.def Info: Z:/Waterfowl Program/spring_survey/spring_waterfowl_ae
rial_survey/reports/2021/formatted_report_2021_files/figure-latex/ssm_bwte-1.pd
f  used on input line 1012.
(pdftex.def)             Requested size: 469.75386pt x 325.2142pt.
[21pdfTeX warning (ext4): destination with the same identifier (name{figure.7})
 has been already used, duplicate ignored
<argument> ...shipout:D \box_use:N \l_shipout_box 
                                                  \__shipout_drop_firstpage_...
l.1021 \newpage
                <z:/Waterfowl Program/spring_survey/spring_waterfowl_aerial_sur
vey/reports/2021/formatted_report_2021_files/figure-latex/ssm_bwte-1.pdf>]
<Z:/Waterfowl Program/spring_survey/spring_waterfowl_aerial_survey/reports/2021
/formatted_report_2021_files/figure-latex/ssm_wodu-1.pdf, id=335, 469.755pt x 3
25.215pt>
File: Z:/Waterfowl Program/spring_survey/spring_waterfowl_aerial_survey/reports
/2021/formatted_report_2021_files/figure-latex/ssm_wodu-1.pdf Graphic file (typ
e pdf)
<use Z:/Waterfowl Program/spring_survey/spring_waterfowl_aerial_survey/reports/
2021/formatted_report_2021_files/figure-latex/ssm_wodu-1.pdf>
Package pdftex.def Info: Z:/Waterfowl Program/spring_survey/spring_waterfowl_ae
rial_survey/reports/2021/formatted_report_2021_files/figure-latex/ssm_wodu-1.pd
f  used on input line 1025.
(pdftex.def)             Requested size: 469.75386pt x 325.2142pt.
[22pdfTeX warning (ext4): destination with the same identifier (name{figure.8})
 has been already used, duplicate ignored
<argument> ...shipout:D \box_use:N \l_shipout_box 
                                                  \__shipout_drop_firstpage_...
l.1034 \newpage
                <z:/Waterfowl Program/spring_survey/spring_waterfowl_aerial_sur
vey/reports/2021/formatted_report_2021_files/figure-latex/ssm_wodu-1.pdf>]
<Z:/Waterfowl Program/spring_survey/spring_waterfowl_aerial_survey/reports/2021
/formatted_report_2021_files/figure-latex/ssm_other_ducks-1.pdf, id=348, 469.75
5pt x 325.215pt>
File: Z:/Waterfowl Program/spring_survey/spring_waterfowl_aerial_survey/reports
/2021/formatted_report_2021_files/figure-latex/ssm_other_ducks-1.pdf Graphic fi
le (type pdf)
<use Z:/Waterfowl Program/spring_survey/spring_waterfowl_aerial_survey/reports/
2021/formatted_report_2021_files/figure-latex/ssm_other_ducks-1.pdf>
Package pdftex.def Info: Z:/Waterfowl Program/spring_survey/spring_waterfowl_ae
rial_survey/reports/2021/formatted_report_2021_files/figure-latex/ssm_other_duc
ks-1.pdf  used on input line 1038.
(pdftex.def)             Requested size: 469.75386pt x 325.2142pt.
[23pdfTeX warning (ext4): destination with the same identifier (name{figure.9})
 has been already used, duplicate ignored
<argument> ...shipout:D \box_use:N \l_shipout_box 
                                                  \__shipout_drop_firstpage_...
l.1047 \newpage
                <z:/Waterfowl Program/spring_survey/spring_waterfowl_aerial_sur
vey/reports/2021/formatted_report_2021_files/figure-latex/ssm_other_ducks-1.pdf
>]
<Z:/Waterfowl Program/spring_survey/spring_waterfowl_aerial_survey/reports/2021
/formatted_report_2021_files/figure-latex/ssm_total_ducks-1.pdf, id=361, 469.75
5pt x 325.215pt>
File: Z:/Waterfowl Program/spring_survey/spring_waterfowl_aerial_survey/reports
/2021/formatted_report_2021_files/figure-latex/ssm_total_ducks-1.pdf Graphic fi
le (type pdf)
<use Z:/Waterfowl Program/spring_survey/spring_waterfowl_aerial_survey/reports/
2021/formatted_report_2021_files/figure-latex/ssm_total_ducks-1.pdf>
Package pdftex.def Info: Z:/Waterfowl Program/spring_survey/spring_waterfowl_ae
rial_survey/reports/2021/formatted_report_2021_files/figure-latex/ssm_total_duc
ks-1.pdf  used on input line 1051.
(pdftex.def)             Requested size: 469.75386pt x 325.2142pt.
[24pdfTeX warning (ext4): destination with the same identifier (name{figure.10}
) has been already used, duplicate ignored
<argument> ...shipout:D \box_use:N \l_shipout_box 
                                                  \__shipout_drop_firstpage_...
l.1060 \newpage
                <z:/Waterfowl Program/spring_survey/spring_waterfowl_aerial_sur
vey/reports/2021/formatted_report_2021_files/figure-latex/ssm_total_ducks-1.pdf
>]
<Z:/Waterfowl Program/spring_survey/spring_waterfowl_aerial_survey/reports/2021
/formatted_report_2021_files/figure-latex/ssm_cago-1.pdf, id=374, 469.755pt x 3
25.215pt>
File: Z:/Waterfowl Program/spring_survey/spring_waterfowl_aerial_survey/reports
/2021/formatted_report_2021_files/figure-latex/ssm_cago-1.pdf Graphic file (typ
e pdf)
<use Z:/Waterfowl Program/spring_survey/spring_waterfowl_aerial_survey/reports/
2021/formatted_report_2021_files/figure-latex/ssm_cago-1.pdf>
Package pdftex.def Info: Z:/Waterfowl Program/spring_survey/spring_waterfowl_ae
rial_survey/reports/2021/formatted_report_2021_files/figure-latex/ssm_cago-1.pd
f  used on input line 1064.
(pdftex.def)             Requested size: 469.75386pt x 325.2142pt.

AED: lastpage setting LastPage
[25pdfTeX warning (ext4): destination with the same identifier (name{figure.11}
) has been already used, duplicate ignored
<argument> ...shipout:D \box_use:N \l_shipout_box 
                                                  \__shipout_drop_firstpage_...
l.1073 \end{document}
                      <z:/Waterfowl Program/spring_survey/spring_waterfowl_aeri
al_survey/reports/2021/formatted_report_2021_files/figure-latex/ssm_cago-1.pdf>
] (./formatted_report_2021.aux)
Package rerunfilecheck Info: File `formatted_report_2021.out' has not changed.
(rerunfilecheck)             Checksum: 16DAFE3416951CA02D9CEDE01AE020FC;1974.
 )
(\end occurred inside a group at level 2)

### semi simple group (level 2) entered at line 164 (\begingroup)
### semi simple group (level 1) entered at line 64 (\begingroup)
### bottom level 
Here is how much of TeX's memory you used:
 13205 strings out of 480313
 222215 string characters out of 5895695
 629464 words of memory out of 5000000
 30717 multiletter control sequences out of 15000+600000
 488780 words of font info for 83 fonts, out of 8000000 for 9000
 14 hyphenation exceptions out of 8191
 60i,18n,63p,694b,3202s stack positions out of 5000i,500n,10000p,200000b,80000s
{c:/Users/winiaj/AppData/Roaming/TinyTeX/texmf-dist/fonts/enc/d
vips/lm/lm-ec.enc}{c:/Users/winiaj/AppData/Roaming/TinyTeX/texmf-dist/fonts/enc
/dvips/lm/lm-ts1.enc}{c:/Users/winiaj/AppData/Roaming/TinyTeX/texmf-dist/fonts/
enc/dvips/lm/lm-rm.enc}{c:/Users/winiaj/AppData/Roaming/TinyTeX/texmf-dist/font
s/enc/dvips/lm/lm-mathsy.enc}<c:/Users/winiaj/AppData/Roaming/TinyTeX/texmf-dis
t/fonts/type1/public/lm/lmbx10.pfb><c:/Users/winiaj/AppData/Roaming/TinyTeX/tex
mf-dist/fonts/type1/public/lm/lmbx12.pfb><c:/Users/winiaj/AppData/Roaming/TinyT
eX/texmf-dist/fonts/type1/public/lm/lmbx8.pfb><c:/Users/winiaj/AppData/Roaming/
TinyTeX/texmf-dist/fonts/type1/public/lm/lmr10.pfb><c:/Users/winiaj/AppData/Roa
ming/TinyTeX/texmf-dist/fonts/type1/public/lm/lmr12.pfb><c:/Users/winiaj/AppDat
a/Roaming/TinyTeX/texmf-dist/fonts/type1/public/lm/lmr7.pfb><c:/Users/winiaj/Ap
pData/Roaming/TinyTeX/texmf-dist/fonts/type1/public/lm/lmr8.pfb><c:/Users/winia
j/AppData/Roaming/TinyTeX/texmf-dist/fonts/type1/public/lm/lmri10.pfb><c:/Users
/winiaj/AppData/Roaming/TinyTeX/texmf-dist/fonts/type1/public/lm/lmri12.pfb><c:
/Users/winiaj/AppData/Roaming/TinyTeX/texmf-dist/fonts/type1/public/lm/lmsy10.p
fb>
Output written on formatted_report_2021.pdf (31 pages, 3651581 bytes).
PDF statistics:
 465 PDF objects out of 1000 (max. 8388607)
 377 compressed objects within 4 object streams
 85 named destinations out of 1000 (max. 500000)
 199 words of extra memory for PDF output out of 10000 (max. 10000000)

